Arguments: 
  C:\Program Files\nodejs\node.exe C:\Program Files (x86)\Yarn\bin\yarn.js install

PATH: 
  C:\Program Files (x86)\Common Files\Oracle\Java\javapath;C:\Windows\system32;C:\Windows;C:\Windows\System32\Wbem;C:\Windows\System32\WindowsPowerShell\v1.0\;C:\Windows\System32\OpenSSH\;C:\Program Files\Intel\WiFi\bin\;C:\Program Files\Common Files\Intel\WirelessCommon\;C:\Program Files (x86)\NVIDIA Corporation\PhysX\Common;C:\Program Files (x86)\Intel\Intel(R) Management Engine Components\DAL;C:\Program Files\Intel\Intel(R) Management Engine Components\DAL;C:\ProgramData\ComposerSetup\bin;C:\wamp64\bin\php\php7.3.5;C:\Program Files\nodejs\;C:\Program Files\Docker\Docker\resources\bin;C:\ProgramData\DockerDesktop\version-bin;‪C:\Users\tarek\AppData\Roaming\npm;;C:\WINDOWS\system32;C:\WINDOWS;C:\WINDOWS\System32\Wbem;C:\WINDOWS\System32\WindowsPowerShell\v1.0\;C:\WINDOWS\System32\OpenSSH\;C:\Program Files (x86)\Yarn\bin\;C:\Users\tarek\AppData\Local\Microsoft\WindowsApps;C:\Program Files\Intel\WiFi\bin\;C:\Program Files\Common Files\Intel\WirelessCommon\;C:\Users\tarek\AppData\Local\Programs\Microsoft VS Code\bin;C:\Users\tarek\AppData\Roaming\Composer\vendor\bin;C:\Users\tarek\AppData\Roaming\npm;C:\Users\tarek\AppData\Local\GitHubDesktop\bin;C:\Users\tarek\AppData\Local\Microsoft\WindowsApps;C:\Users\tarek\AppData\Local\Yarn\bin

Yarn version: 
  1.22.5

Node version: 
  12.16.1

Platform: 
  win32 x64

Trace: 
  Error: https://registry.yarnpkg.com/@fortawesome/free-solid-svg-icons/-/free-solid-svg-icons-5.15.1.tgz: ESOCKETTIMEDOUT
      at ClientRequest.<anonymous> (C:\Program Files (x86)\Yarn\lib\cli.js:141376:19)
      at Object.onceWrapper (events.js:417:28)
      at ClientRequest.emit (events.js:311:20)
      at TLSSocket.emitRequestTimeout (_http_client.js:714:9)
      at Object.onceWrapper (events.js:417:28)
      at TLSSocket.emit (events.js:311:20)
      at TLSSocket.Socket._onTimeout (net.js:478:8)
      at listOnTimeout (internal/timers.js:549:17)
      at processTimers (internal/timers.js:492:7)

npm manifest: 
  {
    "name": "twitter",
    "version": "0.1.0",
    "private": true,
    "dependencies": {
      "@fortawesome/fontawesome-svg-core": "^1.2.32",
      "@fortawesome/free-solid-svg-icons": "^5.15.1",
      "@fortawesome/react-fontawesome": "^0.1.14",
      "@lyket/react": "^1.3.2",
      "@testing-library/jest-dom": "^5.11.6",
      "@testing-library/react": "^11.2.2",
      "@testing-library/user-event": "^12.6.0",
      "antd": "^4.10.0",
      "axios": "^0.21.1",
      "font-awesome": "^4.7.0",
      "node-sass": "^5.0.0",
      "react": "^17.0.1",
      "react-dom": "^17.0.1",
      "react-helmet": "^6.1.0",
      "react-router-dom": "^5.2.0",
      "react-scripts": "4.0.1",
      "styled-components": "^5.2.1",
      "uuidv4": "^6.2.6",
      "web-vitals": "^0.2.4",
      "workbox-background-sync": "^5.1.4",
      "workbox-broadcast-update": "^5.1.4",
      "workbox-cacheable-response": "^5.1.4",
      "workbox-core": "^5.1.4",
      "workbox-expiration": "^5.1.4",
      "workbox-google-analytics": "^5.1.4",
      "workbox-navigation-preload": "^5.1.4",
      "workbox-precaching": "^5.1.4",
      "workbox-range-requests": "^5.1.4",
      "workbox-routing": "^5.1.4",
      "workbox-strategies": "^5.1.4",
      "workbox-streams": "^5.1.4"
    },
    "scripts": {
      "start": "react-scripts start",
      "start-http": "http-server ./build",
      "build": "react-scripts build",
      "test": "react-scripts test",
      "eject": "react-scripts eject"
    },
    "eslintConfig": {
      "extends": [
        "react-app",
        "react-app/jest"
      ]
    },
    "browserslist": {
      "production": [
        ">0.2%",
        "not dead",
        "not op_mini all"
      ],
      "development": [
        "last 1 chrome version",
        "last 1 firefox version",
        "last 1 safari version"
      ]
    },
    "devDependencies": {
      "http-server": "^0.12.3"
    }
  }

yarn manifest: 
  No manifest

Lockfile: 
  No lockfile
